<?xml version="1.0" encoding="UTF-8"?>
<!-- Generated by org.testng.reporters.JUnitXMLReporter -->
<testsuite ignored="0" hostname="DESKTOP-6O0AM8N" failures="0" tests="4" name="Default test" time="13.738" errors="0" timestamp="2024-06-19T00:02:32 IST">
  <testcase classname="api.test.UserTest2" name="testPostUser" time="4.858"/>
  <testcase classname="api.test.UserTest2" name="testGetUserByName" time="1.229"/>
  <testcase classname="api.test.UserTest2" name="testUpdateUserByName" time="2.91"/>
  <testcase classname="api.test.UserTest2" name="testDeleteUserByName" time="1.269"/>
</testsuite> <!-- Default test -->
