<?xml version="1.0" encoding="UTF-8"?>
<testng-results ignored="0" total="4" passed="4" failed="0" skipped="0">
  <reporter-output>
  </reporter-output>
  <suite started-at="2024-06-20T10:50:10 IST" name="PetSuite" finished-at="2024-06-20T10:50:27 IST" duration-ms="16983">
    <groups>
    </groups>
    <test started-at="2024-06-20T10:50:10 IST" name="PetUserTests" finished-at="2024-06-20T10:50:27 IST" duration-ms="16983">
      <class name="api.test.UserTests">
        <test-method is-config="true" signature="setupData()[pri:0, instance:api.test.UserTests@3012646b]" started-at="2024-06-20T10:50:11 IST" name="setupData" finished-at="2024-06-20T10:50:13 IST" duration-ms="2363" status="PASS">
          <reporter-output>
          </reporter-output>
        </test-method> <!-- setupData -->
        <test-method signature="testPostUser()[pri:1, instance:api.test.UserTests@3012646b]" started-at="2024-06-20T10:50:13 IST" name="testPostUser" finished-at="2024-06-20T10:50:23 IST" duration-ms="9297" status="PASS">
          <reporter-output>
          </reporter-output>
        </test-method> <!-- testPostUser -->
        <test-method signature="testGetUser()[pri:2, instance:api.test.UserTests@3012646b]" started-at="2024-06-20T10:50:23 IST" name="testGetUser" finished-at="2024-06-20T10:50:24 IST" duration-ms="1209" status="PASS">
          <reporter-output>
          </reporter-output>
        </test-method> <!-- testGetUser -->
        <test-method signature="PutUser()[pri:3, instance:api.test.UserTests@3012646b]" started-at="2024-06-20T10:50:24 IST" name="PutUser" finished-at="2024-06-20T10:50:26 IST" duration-ms="2344" status="PASS">
          <reporter-output>
          </reporter-output>
        </test-method> <!-- PutUser -->
        <test-method signature="testDeleteUser()[pri:4, instance:api.test.UserTests@3012646b]" started-at="2024-06-20T10:50:26 IST" name="testDeleteUser" finished-at="2024-06-20T10:50:27 IST" duration-ms="1160" status="PASS">
          <reporter-output>
          </reporter-output>
        </test-method> <!-- testDeleteUser -->
      </class> <!-- api.test.UserTests -->
    </test> <!-- PetUserTests -->
  </suite> <!-- PetSuite -->
</testng-results>
