<?xml version="1.0" encoding="UTF-8"?>
<testng-results ignored="0" total="4" passed="4" failed="0" skipped="0">
  <reporter-output>
  </reporter-output>
  <suite started-at="2024-06-19T00:02:18 IST" name="Default suite" finished-at="2024-06-19T00:02:32 IST" duration-ms="13738">
    <groups>
    </groups>
    <test started-at="2024-06-19T00:02:18 IST" name="Default test" finished-at="2024-06-19T00:02:32 IST" duration-ms="13738">
      <class name="api.test.UserTest2">
        <test-method is-config="true" signature="setup()[pri:0, instance:api.test.UserTest2@1a942c18]" started-at="2024-06-19T00:02:18 IST" name="setup" finished-at="2024-06-19T00:02:22 IST" duration-ms="3419" status="PASS">
          <reporter-output>
          </reporter-output>
        </test-method> <!-- setup -->
        <test-method signature="testPostUser()[pri:1, instance:api.test.UserTest2@1a942c18]" started-at="2024-06-19T00:02:22 IST" name="testPostUser" finished-at="2024-06-19T00:02:27 IST" duration-ms="4858" status="PASS">
          <reporter-output>
          </reporter-output>
        </test-method> <!-- testPostUser -->
        <test-method signature="testGetUserByName()[pri:2, instance:api.test.UserTest2@1a942c18]" started-at="2024-06-19T00:02:27 IST" name="testGetUserByName" finished-at="2024-06-19T00:02:28 IST" duration-ms="1229" status="PASS">
          <reporter-output>
          </reporter-output>
        </test-method> <!-- testGetUserByName -->
        <test-method signature="testUpdateUserByName()[pri:3, instance:api.test.UserTest2@1a942c18]" started-at="2024-06-19T00:02:28 IST" name="testUpdateUserByName" finished-at="2024-06-19T00:02:31 IST" duration-ms="2910" status="PASS">
          <reporter-output>
          </reporter-output>
        </test-method> <!-- testUpdateUserByName -->
        <test-method signature="testDeleteUserByName()[pri:4, instance:api.test.UserTest2@1a942c18]" started-at="2024-06-19T00:02:31 IST" name="testDeleteUserByName" finished-at="2024-06-19T00:02:32 IST" duration-ms="1269" status="PASS">
          <reporter-output>
          </reporter-output>
        </test-method> <!-- testDeleteUserByName -->
      </class> <!-- api.test.UserTest2 -->
    </test> <!-- Default test -->
  </suite> <!-- Default suite -->
</testng-results>
