<?xml version="1.0" encoding="UTF-8"?>
<!-- Generated by org.testng.reporters.JUnitXMLReporter -->
<testsuite ignored="0" hostname="DESKTOP-6O0AM8N" failures="0" tests="4" name="PetUserTests" time="16.983" errors="0" timestamp="2024-06-20T10:50:28 IST">
  <testcase classname="api.test.UserTests" name="testPostUser" time="9.297"/>
  <testcase classname="api.test.UserTests" name="testGetUser" time="1.209"/>
  <testcase classname="api.test.UserTests" name="PutUser" time="2.344"/>
  <testcase classname="api.test.UserTests" name="testDeleteUser" time="1.16"/>
</testsuite> <!-- PetUserTests -->
