<?xml version="1.0" encoding="UTF-8"?>
<!-- Generated by org.testng.reporters.JUnitXMLReporter -->
<testsuite ignored="0" hostname="DESKTOP-6O0AM8N" failures="0" tests="4" name="PetUserTests" time="11.089" errors="0" timestamp="2024-06-18T23:42:16 IST">
  <testcase classname="api.test.UserTests" name="testPostUser" time="3.834"/>
  <testcase classname="api.test.UserTests" name="testGetUser" time="1.493"/>
  <testcase classname="api.test.UserTests" name="PutUser" time="2.593"/>
  <testcase classname="api.test.UserTests" name="testDeleteUser" time="1.244"/>
</testsuite> <!-- PetUserTests -->
